Error: listen tcp 127.0.0.1:11435: bind: address already in use
Batches:   0%|          | 0/35 [00:00<?, ?it/s]Batches:   3%|▎         | 1/35 [00:01<00:44,  1.32s/it]Batches:  23%|██▎       | 8/35 [00:01<00:03,  7.41it/s]Batches:  49%|████▊     | 17/35 [00:01<00:01, 17.28it/s]Batches:  80%|████████  | 28/35 [00:01<00:00, 30.51it/s]Batches: 100%|██████████| 35/35 [00:01<00:00, 20.55it/s]
Batches:   0%|          | 0/1 [00:00<?, ?it/s]Batches: 100%|██████████| 1/1 [00:00<00:00, 134.30it/s]
Traceback (most recent call last):
  File "/pfs/data6/home/ma/ma_ma/ma_mpandya/RAG_Data_Cleaning/experiment8.1_easy.py", line 978, in <module>
    results_rag = pd.read_csv("exp8_1_rag.csv")
                  ^^^^^^^^^^^^^^^^^^^^^^^^^^^^^
  File "/home/ma/ma_ma/ma_mpandya/RAG_Data_Cleaning/PyDI/venv/lib/python3.12/site-packages/pandas/io/parsers/readers.py", line 1026, in read_csv
    return _read(filepath_or_buffer, kwds)
           ^^^^^^^^^^^^^^^^^^^^^^^^^^^^^^^
  File "/home/ma/ma_ma/ma_mpandya/RAG_Data_Cleaning/PyDI/venv/lib/python3.12/site-packages/pandas/io/parsers/readers.py", line 620, in _read
    parser = TextFileReader(filepath_or_buffer, **kwds)
             ^^^^^^^^^^^^^^^^^^^^^^^^^^^^^^^^^^^^^^^^^^
  File "/home/ma/ma_ma/ma_mpandya/RAG_Data_Cleaning/PyDI/venv/lib/python3.12/site-packages/pandas/io/parsers/readers.py", line 1620, in __init__
    self._engine = self._make_engine(f, self.engine)
                   ^^^^^^^^^^^^^^^^^^^^^^^^^^^^^^^^^
  File "/home/ma/ma_ma/ma_mpandya/RAG_Data_Cleaning/PyDI/venv/lib/python3.12/site-packages/pandas/io/parsers/readers.py", line 1880, in _make_engine
    self.handles = get_handle(
                   ^^^^^^^^^^^
  File "/home/ma/ma_ma/ma_mpandya/RAG_Data_Cleaning/PyDI/venv/lib/python3.12/site-packages/pandas/io/common.py", line 873, in get_handle
    handle = open(
             ^^^^^
FileNotFoundError: [Errno 2] No such file or directory: 'exp8_1_rag.csv'
